  Chapter03.c
E:\00__Study\00__Book\002pB__Practice\Chapter03\Chapter03\Chapter03.c(20,9): warning C4477: 'printf' : format string '%d' requires an argument of type 'int', but variadic argument 1 has type 'size_t'
      E:\00__Study\00__Book\002pB__Practice\Chapter03\Chapter03\Chapter03.c(20,9):
      consider using '%zd' in the format string
  
E:\00__Study\00__Book\002pB__Practice\Chapter03\Chapter03\Chapter03.c(21,9): warning C4477: 'printf' : format string '%d' requires an argument of type 'int', but variadic argument 1 has type 'size_t'
      E:\00__Study\00__Book\002pB__Practice\Chapter03\Chapter03\Chapter03.c(21,9):
      consider using '%zd' in the format string
  
E:\00__Study\00__Book\002pB__Practice\Chapter03\Chapter03\Chapter03.c(22,9): warning C4477: 'printf' : format string '%d' requires an argument of type 'int', but variadic argument 1 has type 'size_t'
      E:\00__Study\00__Book\002pB__Practice\Chapter03\Chapter03\Chapter03.c(22,9):
      consider using '%zd' in the format string
  
E:\00__Study\00__Book\002pB__Practice\Chapter03\Chapter03\Chapter03.c(23,9): warning C4477: 'printf' : format string '%d' requires an argument of type 'int', but variadic argument 1 has type 'size_t'
      E:\00__Study\00__Book\002pB__Practice\Chapter03\Chapter03\Chapter03.c(23,9):
      consider using '%zd' in the format string
  
E:\00__Study\00__Book\002pB__Practice\Chapter03\Chapter03\Chapter03.c(25,9): warning C4477: 'printf' : format string '%d' requires an argument of type 'int', but variadic argument 1 has type 'size_t'
      E:\00__Study\00__Book\002pB__Practice\Chapter03\Chapter03\Chapter03.c(25,9):
      consider using '%zd' in the format string
  
E:\00__Study\00__Book\002pB__Practice\Chapter03\Chapter03\Chapter03.c(26,9): warning C4477: 'printf' : format string '%d' requires an argument of type 'int', but variadic argument 1 has type 'size_t'
      E:\00__Study\00__Book\002pB__Practice\Chapter03\Chapter03\Chapter03.c(26,9):
      consider using '%zd' in the format string
  
E:\00__Study\00__Book\002pB__Practice\Chapter03\Chapter03\Chapter03.c(16,17): warning C4305: 'initializing': truncation from 'double' to 'float'
E:\00__Study\00__Book\002pB__Practice\Chapter03\Chapter03\Chapter03.c(17,15): warning C4244: 'initializing': conversion from 'double' to 'long', possible loss of data
  Chapter03.vcxproj -> E:\00__Study\00__Book\002pB__Practice\Chapter03\x64\Debug\Chapter03.exe
